CRITICAL - 2026-04-05 12:58:23 --> CodeIgniter\View\Exceptions\ViewException: Invalid file: "v_template_back_end.php"
[Method: GET, Route: admin]
in SYSTEMPATH\Exceptions\FrameworkException.php on line 39.
 1 SYSTEMPATH\View\View.php(228): CodeIgniter\Exceptions\FrameworkException::forInvalidFile('v_template_back_end.php')
 2 SYSTEMPATH\Common.php(1250): CodeIgniter\View\View->render('v_template_back_end', [], true)
 3 APPPATH\Controllers\Admin.php(13): view('v_template_back_end', [...])
 4 SYSTEMPATH\CodeIgniter.php(951): App\Controllers\Admin->index()
 5 SYSTEMPATH\CodeIgniter.php(497): CodeIgniter\CodeIgniter->runController(Object(App\Controllers\Admin))
 6 SYSTEMPATH\CodeIgniter.php(340): CodeIgniter\CodeIgniter->handleRequest(null, Object(Config\Cache), false)
 7 SYSTEMPATH\Boot.php(417): CodeIgniter\CodeIgniter->run()
 8 SYSTEMPATH\Boot.php(68): CodeIgniter\Boot::runCodeIgniter(Object(CodeIgniter\CodeIgniter))
 9 FCPATH\index.php(59): CodeIgniter\Boot::bootWeb(Object(Config\Paths))
CRITICAL - 2026-04-05 13:15:25 --> CodeIgniter\View\Exceptions\ViewException: Invalid file: "v_template_back_end.php"
[Method: GET, Route: admin]
in SYSTEMPATH\Exceptions\FrameworkException.php on line 39.
 1 SYSTEMPATH\View\View.php(228): CodeIgniter\Exceptions\FrameworkException::forInvalidFile('v_template_back_end.php')
 2 SYSTEMPATH\Common.php(1250): CodeIgniter\View\View->render('v_template_back_end', [], true)
 3 APPPATH\Controllers\Admin.php(13): view('v_template_back_end', [...])
 4 SYSTEMPATH\CodeIgniter.php(951): App\Controllers\Admin->index()
 5 SYSTEMPATH\CodeIgniter.php(497): CodeIgniter\CodeIgniter->runController(Object(App\Controllers\Admin))
 6 SYSTEMPATH\CodeIgniter.php(340): CodeIgniter\CodeIgniter->handleRequest(null, Object(Config\Cache), false)
 7 SYSTEMPATH\Boot.php(417): CodeIgniter\CodeIgniter->run()
 8 SYSTEMPATH\Boot.php(68): CodeIgniter\Boot::runCodeIgniter(Object(CodeIgniter\CodeIgniter))
 9 FCPATH\index.php(59): CodeIgniter\Boot::bootWeb(Object(Config\Paths))
CRITICAL - 2026-04-05 13:18:05 --> CodeIgniter\View\Exceptions\ViewException: Invalid file: "v_template_back_end.php"
[Method: GET, Route: admin]
in SYSTEMPATH\Exceptions\FrameworkException.php on line 39.
 1 SYSTEMPATH\View\View.php(228): CodeIgniter\Exceptions\FrameworkException::forInvalidFile('v_template_back_end.php')
 2 SYSTEMPATH\Common.php(1250): CodeIgniter\View\View->render('v_template_back_end', [], true)
 3 APPPATH\Controllers\Admin.php(13): view('v_template_back_end', [...])
 4 SYSTEMPATH\CodeIgniter.php(951): App\Controllers\Admin->index()
 5 SYSTEMPATH\CodeIgniter.php(497): CodeIgniter\CodeIgniter->runController(Object(App\Controllers\Admin))
 6 SYSTEMPATH\CodeIgniter.php(340): CodeIgniter\CodeIgniter->handleRequest(null, Object(Config\Cache), false)
 7 SYSTEMPATH\Boot.php(417): CodeIgniter\CodeIgniter->run()
 8 SYSTEMPATH\Boot.php(68): CodeIgniter\Boot::runCodeIgniter(Object(CodeIgniter\CodeIgniter))
 9 FCPATH\index.php(59): CodeIgniter\Boot::bootWeb(Object(Config\Paths))
CRITICAL - 2026-04-05 13:18:05 --> CodeIgniter\View\Exceptions\ViewException: Invalid file: "v_template_back_end.php"
[Method: GET, Route: admin]
in SYSTEMPATH\Exceptions\FrameworkException.php on line 39.
 1 SYSTEMPATH\View\View.php(228): CodeIgniter\Exceptions\FrameworkException::forInvalidFile('v_template_back_end.php')
 2 SYSTEMPATH\Common.php(1250): CodeIgniter\View\View->render('v_template_back_end', [], true)
 3 APPPATH\Controllers\Admin.php(13): view('v_template_back_end', [...])
 4 SYSTEMPATH\CodeIgniter.php(951): App\Controllers\Admin->index()
 5 SYSTEMPATH\CodeIgniter.php(497): CodeIgniter\CodeIgniter->runController(Object(App\Controllers\Admin))
 6 SYSTEMPATH\CodeIgniter.php(340): CodeIgniter\CodeIgniter->handleRequest(null, Object(Config\Cache), false)
 7 SYSTEMPATH\Boot.php(417): CodeIgniter\CodeIgniter->run()
 8 SYSTEMPATH\Boot.php(68): CodeIgniter\Boot::runCodeIgniter(Object(CodeIgniter\CodeIgniter))
 9 FCPATH\index.php(59): CodeIgniter\Boot::bootWeb(Object(Config\Paths))
CRITICAL - 2026-04-05 13:18:06 --> CodeIgniter\View\Exceptions\ViewException: Invalid file: "v_template_back_end.php"
[Method: GET, Route: admin]
in SYSTEMPATH\Exceptions\FrameworkException.php on line 39.
 1 SYSTEMPATH\View\View.php(228): CodeIgniter\Exceptions\FrameworkException::forInvalidFile('v_template_back_end.php')
 2 SYSTEMPATH\Common.php(1250): CodeIgniter\View\View->render('v_template_back_end', [], true)
 3 APPPATH\Controllers\Admin.php(13): view('v_template_back_end', [...])
 4 SYSTEMPATH\CodeIgniter.php(951): App\Controllers\Admin->index()
 5 SYSTEMPATH\CodeIgniter.php(497): CodeIgniter\CodeIgniter->runController(Object(App\Controllers\Admin))
 6 SYSTEMPATH\CodeIgniter.php(340): CodeIgniter\CodeIgniter->handleRequest(null, Object(Config\Cache), false)
 7 SYSTEMPATH\Boot.php(417): CodeIgniter\CodeIgniter->run()
 8 SYSTEMPATH\Boot.php(68): CodeIgniter\Boot::runCodeIgniter(Object(CodeIgniter\CodeIgniter))
 9 FCPATH\index.php(59): CodeIgniter\Boot::bootWeb(Object(Config\Paths))
CRITICAL - 2026-04-05 13:18:06 --> CodeIgniter\View\Exceptions\ViewException: Invalid file: "v_template_back_end.php"
[Method: GET, Route: admin]
in SYSTEMPATH\Exceptions\FrameworkException.php on line 39.
 1 SYSTEMPATH\View\View.php(228): CodeIgniter\Exceptions\FrameworkException::forInvalidFile('v_template_back_end.php')
 2 SYSTEMPATH\Common.php(1250): CodeIgniter\View\View->render('v_template_back_end', [], true)
 3 APPPATH\Controllers\Admin.php(13): view('v_template_back_end', [...])
 4 SYSTEMPATH\CodeIgniter.php(951): App\Controllers\Admin->index()
 5 SYSTEMPATH\CodeIgniter.php(497): CodeIgniter\CodeIgniter->runController(Object(App\Controllers\Admin))
 6 SYSTEMPATH\CodeIgniter.php(340): CodeIgniter\CodeIgniter->handleRequest(null, Object(Config\Cache), false)
 7 SYSTEMPATH\Boot.php(417): CodeIgniter\CodeIgniter->run()
 8 SYSTEMPATH\Boot.php(68): CodeIgniter\Boot::runCodeIgniter(Object(CodeIgniter\CodeIgniter))
 9 FCPATH\index.php(59): CodeIgniter\Boot::bootWeb(Object(Config\Paths))
CRITICAL - 2026-04-05 13:18:06 --> CodeIgniter\View\Exceptions\ViewException: Invalid file: "v_template_back_end.php"
[Method: GET, Route: admin]
in SYSTEMPATH\Exceptions\FrameworkException.php on line 39.
 1 SYSTEMPATH\View\View.php(228): CodeIgniter\Exceptions\FrameworkException::forInvalidFile('v_template_back_end.php')
 2 SYSTEMPATH\Common.php(1250): CodeIgniter\View\View->render('v_template_back_end', [], true)
 3 APPPATH\Controllers\Admin.php(13): view('v_template_back_end', [...])
 4 SYSTEMPATH\CodeIgniter.php(951): App\Controllers\Admin->index()
 5 SYSTEMPATH\CodeIgniter.php(497): CodeIgniter\CodeIgniter->runController(Object(App\Controllers\Admin))
 6 SYSTEMPATH\CodeIgniter.php(340): CodeIgniter\CodeIgniter->handleRequest(null, Object(Config\Cache), false)
 7 SYSTEMPATH\Boot.php(417): CodeIgniter\CodeIgniter->run()
 8 SYSTEMPATH\Boot.php(68): CodeIgniter\Boot::runCodeIgniter(Object(CodeIgniter\CodeIgniter))
 9 FCPATH\index.php(59): CodeIgniter\Boot::bootWeb(Object(Config\Paths))
CRITICAL - 2026-04-05 13:23:13 --> CodeIgniter\View\Exceptions\ViewException: Invalid file: "v_template_back_end.php"
[Method: GET, Route: admin]
in SYSTEMPATH\Exceptions\FrameworkException.php on line 39.
 1 SYSTEMPATH\View\View.php(228): CodeIgniter\Exceptions\FrameworkException::forInvalidFile('v_template_back_end.php')
 2 SYSTEMPATH\Common.php(1250): CodeIgniter\View\View->render('v_template_back_end', [], true)
 3 APPPATH\Controllers\Admin.php(13): view('v_template_back_end', [...])
 4 SYSTEMPATH\CodeIgniter.php(951): App\Controllers\Admin->index()
 5 SYSTEMPATH\CodeIgniter.php(497): CodeIgniter\CodeIgniter->runController(Object(App\Controllers\Admin))
 6 SYSTEMPATH\CodeIgniter.php(340): CodeIgniter\CodeIgniter->handleRequest(null, Object(Config\Cache), false)
 7 SYSTEMPATH\Boot.php(417): CodeIgniter\CodeIgniter->run()
 8 SYSTEMPATH\Boot.php(68): CodeIgniter\Boot::runCodeIgniter(Object(CodeIgniter\CodeIgniter))
 9 FCPATH\index.php(59): CodeIgniter\Boot::bootWeb(Object(Config\Paths))
CRITICAL - 2026-04-05 13:23:14 --> CodeIgniter\View\Exceptions\ViewException: Invalid file: "v_template_back_end.php"
[Method: GET, Route: admin]
in SYSTEMPATH\Exceptions\FrameworkException.php on line 39.
 1 SYSTEMPATH\View\View.php(228): CodeIgniter\Exceptions\FrameworkException::forInvalidFile('v_template_back_end.php')
 2 SYSTEMPATH\Common.php(1250): CodeIgniter\View\View->render('v_template_back_end', [], true)
 3 APPPATH\Controllers\Admin.php(13): view('v_template_back_end', [...])
 4 SYSTEMPATH\CodeIgniter.php(951): App\Controllers\Admin->index()
 5 SYSTEMPATH\CodeIgniter.php(497): CodeIgniter\CodeIgniter->runController(Object(App\Controllers\Admin))
 6 SYSTEMPATH\CodeIgniter.php(340): CodeIgniter\CodeIgniter->handleRequest(null, Object(Config\Cache), false)
 7 SYSTEMPATH\Boot.php(417): CodeIgniter\CodeIgniter->run()
 8 SYSTEMPATH\Boot.php(68): CodeIgniter\Boot::runCodeIgniter(Object(CodeIgniter\CodeIgniter))
 9 FCPATH\index.php(59): CodeIgniter\Boot::bootWeb(Object(Config\Paths))
CRITICAL - 2026-04-05 13:23:15 --> CodeIgniter\View\Exceptions\ViewException: Invalid file: "v_template_back_end.php"
[Method: GET, Route: admin]
in SYSTEMPATH\Exceptions\FrameworkException.php on line 39.
 1 SYSTEMPATH\View\View.php(228): CodeIgniter\Exceptions\FrameworkException::forInvalidFile('v_template_back_end.php')
 2 SYSTEMPATH\Common.php(1250): CodeIgniter\View\View->render('v_template_back_end', [], true)
 3 APPPATH\Controllers\Admin.php(13): view('v_template_back_end', [...])
 4 SYSTEMPATH\CodeIgniter.php(951): App\Controllers\Admin->index()
 5 SYSTEMPATH\CodeIgniter.php(497): CodeIgniter\CodeIgniter->runController(Object(App\Controllers\Admin))
 6 SYSTEMPATH\CodeIgniter.php(340): CodeIgniter\CodeIgniter->handleRequest(null, Object(Config\Cache), false)
 7 SYSTEMPATH\Boot.php(417): CodeIgniter\CodeIgniter->run()
 8 SYSTEMPATH\Boot.php(68): CodeIgniter\Boot::runCodeIgniter(Object(CodeIgniter\CodeIgniter))
 9 FCPATH\index.php(59): CodeIgniter\Boot::bootWeb(Object(Config\Paths))
CRITICAL - 2026-04-05 13:23:15 --> CodeIgniter\View\Exceptions\ViewException: Invalid file: "v_template_back_end.php"
[Method: GET, Route: admin]
in SYSTEMPATH\Exceptions\FrameworkException.php on line 39.
 1 SYSTEMPATH\View\View.php(228): CodeIgniter\Exceptions\FrameworkException::forInvalidFile('v_template_back_end.php')
 2 SYSTEMPATH\Common.php(1250): CodeIgniter\View\View->render('v_template_back_end', [], true)
 3 APPPATH\Controllers\Admin.php(13): view('v_template_back_end', [...])
 4 SYSTEMPATH\CodeIgniter.php(951): App\Controllers\Admin->index()
 5 SYSTEMPATH\CodeIgniter.php(497): CodeIgniter\CodeIgniter->runController(Object(App\Controllers\Admin))
 6 SYSTEMPATH\CodeIgniter.php(340): CodeIgniter\CodeIgniter->handleRequest(null, Object(Config\Cache), false)
 7 SYSTEMPATH\Boot.php(417): CodeIgniter\CodeIgniter->run()
 8 SYSTEMPATH\Boot.php(68): CodeIgniter\Boot::runCodeIgniter(Object(CodeIgniter\CodeIgniter))
 9 FCPATH\index.php(59): CodeIgniter\Boot::bootWeb(Object(Config\Paths))
CRITICAL - 2026-04-05 13:23:15 --> CodeIgniter\View\Exceptions\ViewException: Invalid file: "v_template_back_end.php"
[Method: GET, Route: admin]
in SYSTEMPATH\Exceptions\FrameworkException.php on line 39.
 1 SYSTEMPATH\View\View.php(228): CodeIgniter\Exceptions\FrameworkException::forInvalidFile('v_template_back_end.php')
 2 SYSTEMPATH\Common.php(1250): CodeIgniter\View\View->render('v_template_back_end', [], true)
 3 APPPATH\Controllers\Admin.php(13): view('v_template_back_end', [...])
 4 SYSTEMPATH\CodeIgniter.php(951): App\Controllers\Admin->index()
 5 SYSTEMPATH\CodeIgniter.php(497): CodeIgniter\CodeIgniter->runController(Object(App\Controllers\Admin))
 6 SYSTEMPATH\CodeIgniter.php(340): CodeIgniter\CodeIgniter->handleRequest(null, Object(Config\Cache), false)
 7 SYSTEMPATH\Boot.php(417): CodeIgniter\CodeIgniter->run()
 8 SYSTEMPATH\Boot.php(68): CodeIgniter\Boot::runCodeIgniter(Object(CodeIgniter\CodeIgniter))
 9 FCPATH\index.php(59): CodeIgniter\Boot::bootWeb(Object(Config\Paths))
CRITICAL - 2026-04-05 13:23:15 --> CodeIgniter\View\Exceptions\ViewException: Invalid file: "v_template_back_end.php"
[Method: GET, Route: admin]
in SYSTEMPATH\Exceptions\FrameworkException.php on line 39.
 1 SYSTEMPATH\View\View.php(228): CodeIgniter\Exceptions\FrameworkException::forInvalidFile('v_template_back_end.php')
 2 SYSTEMPATH\Common.php(1250): CodeIgniter\View\View->render('v_template_back_end', [], true)
 3 APPPATH\Controllers\Admin.php(13): view('v_template_back_end', [...])
 4 SYSTEMPATH\CodeIgniter.php(951): App\Controllers\Admin->index()
 5 SYSTEMPATH\CodeIgniter.php(497): CodeIgniter\CodeIgniter->runController(Object(App\Controllers\Admin))
 6 SYSTEMPATH\CodeIgniter.php(340): CodeIgniter\CodeIgniter->handleRequest(null, Object(Config\Cache), false)
 7 SYSTEMPATH\Boot.php(417): CodeIgniter\CodeIgniter->run()
 8 SYSTEMPATH\Boot.php(68): CodeIgniter\Boot::runCodeIgniter(Object(CodeIgniter\CodeIgniter))
 9 FCPATH\index.php(59): CodeIgniter\Boot::bootWeb(Object(Config\Paths))
CRITICAL - 2026-04-05 13:23:15 --> CodeIgniter\View\Exceptions\ViewException: Invalid file: "v_template_back_end.php"
[Method: GET, Route: admin]
in SYSTEMPATH\Exceptions\FrameworkException.php on line 39.
 1 SYSTEMPATH\View\View.php(228): CodeIgniter\Exceptions\FrameworkException::forInvalidFile('v_template_back_end.php')
 2 SYSTEMPATH\Common.php(1250): CodeIgniter\View\View->render('v_template_back_end', [], true)
 3 APPPATH\Controllers\Admin.php(13): view('v_template_back_end', [...])
 4 SYSTEMPATH\CodeIgniter.php(951): App\Controllers\Admin->index()
 5 SYSTEMPATH\CodeIgniter.php(497): CodeIgniter\CodeIgniter->runController(Object(App\Controllers\Admin))
 6 SYSTEMPATH\CodeIgniter.php(340): CodeIgniter\CodeIgniter->handleRequest(null, Object(Config\Cache), false)
 7 SYSTEMPATH\Boot.php(417): CodeIgniter\CodeIgniter->run()
 8 SYSTEMPATH\Boot.php(68): CodeIgniter\Boot::runCodeIgniter(Object(CodeIgniter\CodeIgniter))
 9 FCPATH\index.php(59): CodeIgniter\Boot::bootWeb(Object(Config\Paths))
CRITICAL - 2026-04-05 13:23:16 --> CodeIgniter\View\Exceptions\ViewException: Invalid file: "v_template_back_end.php"
[Method: GET, Route: admin]
in SYSTEMPATH\Exceptions\FrameworkException.php on line 39.
 1 SYSTEMPATH\View\View.php(228): CodeIgniter\Exceptions\FrameworkException::forInvalidFile('v_template_back_end.php')
 2 SYSTEMPATH\Common.php(1250): CodeIgniter\View\View->render('v_template_back_end', [], true)
 3 APPPATH\Controllers\Admin.php(13): view('v_template_back_end', [...])
 4 SYSTEMPATH\CodeIgniter.php(951): App\Controllers\Admin->index()
 5 SYSTEMPATH\CodeIgniter.php(497): CodeIgniter\CodeIgniter->runController(Object(App\Controllers\Admin))
 6 SYSTEMPATH\CodeIgniter.php(340): CodeIgniter\CodeIgniter->handleRequest(null, Object(Config\Cache), false)
 7 SYSTEMPATH\Boot.php(417): CodeIgniter\CodeIgniter->run()
 8 SYSTEMPATH\Boot.php(68): CodeIgniter\Boot::runCodeIgniter(Object(CodeIgniter\CodeIgniter))
 9 FCPATH\index.php(59): CodeIgniter\Boot::bootWeb(Object(Config\Paths))
CRITICAL - 2026-04-05 13:23:16 --> CodeIgniter\View\Exceptions\ViewException: Invalid file: "v_template_back_end.php"
[Method: GET, Route: admin]
in SYSTEMPATH\Exceptions\FrameworkException.php on line 39.
 1 SYSTEMPATH\View\View.php(228): CodeIgniter\Exceptions\FrameworkException::forInvalidFile('v_template_back_end.php')
 2 SYSTEMPATH\Common.php(1250): CodeIgniter\View\View->render('v_template_back_end', [], true)
 3 APPPATH\Controllers\Admin.php(13): view('v_template_back_end', [...])
 4 SYSTEMPATH\CodeIgniter.php(951): App\Controllers\Admin->index()
 5 SYSTEMPATH\CodeIgniter.php(497): CodeIgniter\CodeIgniter->runController(Object(App\Controllers\Admin))
 6 SYSTEMPATH\CodeIgniter.php(340): CodeIgniter\CodeIgniter->handleRequest(null, Object(Config\Cache), false)
 7 SYSTEMPATH\Boot.php(417): CodeIgniter\CodeIgniter->run()
 8 SYSTEMPATH\Boot.php(68): CodeIgniter\Boot::runCodeIgniter(Object(CodeIgniter\CodeIgniter))
 9 FCPATH\index.php(59): CodeIgniter\Boot::bootWeb(Object(Config\Paths))
CRITICAL - 2026-04-05 13:23:16 --> CodeIgniter\View\Exceptions\ViewException: Invalid file: "v_template_back_end.php"
[Method: GET, Route: admin]
in SYSTEMPATH\Exceptions\FrameworkException.php on line 39.
 1 SYSTEMPATH\View\View.php(228): CodeIgniter\Exceptions\FrameworkException::forInvalidFile('v_template_back_end.php')
 2 SYSTEMPATH\Common.php(1250): CodeIgniter\View\View->render('v_template_back_end', [], true)
 3 APPPATH\Controllers\Admin.php(13): view('v_template_back_end', [...])
 4 SYSTEMPATH\CodeIgniter.php(951): App\Controllers\Admin->index()
 5 SYSTEMPATH\CodeIgniter.php(497): CodeIgniter\CodeIgniter->runController(Object(App\Controllers\Admin))
 6 SYSTEMPATH\CodeIgniter.php(340): CodeIgniter\CodeIgniter->handleRequest(null, Object(Config\Cache), false)
 7 SYSTEMPATH\Boot.php(417): CodeIgniter\CodeIgniter->run()
 8 SYSTEMPATH\Boot.php(68): CodeIgniter\Boot::runCodeIgniter(Object(CodeIgniter\CodeIgniter))
 9 FCPATH\index.php(59): CodeIgniter\Boot::bootWeb(Object(Config\Paths))
CRITICAL - 2026-04-05 13:23:16 --> CodeIgniter\View\Exceptions\ViewException: Invalid file: "v_template_back_end.php"
[Method: GET, Route: admin]
in SYSTEMPATH\Exceptions\FrameworkException.php on line 39.
 1 SYSTEMPATH\View\View.php(228): CodeIgniter\Exceptions\FrameworkException::forInvalidFile('v_template_back_end.php')
 2 SYSTEMPATH\Common.php(1250): CodeIgniter\View\View->render('v_template_back_end', [], true)
 3 APPPATH\Controllers\Admin.php(13): view('v_template_back_end', [...])
 4 SYSTEMPATH\CodeIgniter.php(951): App\Controllers\Admin->index()
 5 SYSTEMPATH\CodeIgniter.php(497): CodeIgniter\CodeIgniter->runController(Object(App\Controllers\Admin))
 6 SYSTEMPATH\CodeIgniter.php(340): CodeIgniter\CodeIgniter->handleRequest(null, Object(Config\Cache), false)
 7 SYSTEMPATH\Boot.php(417): CodeIgniter\CodeIgniter->run()
 8 SYSTEMPATH\Boot.php(68): CodeIgniter\Boot::runCodeIgniter(Object(CodeIgniter\CodeIgniter))
 9 FCPATH\index.php(59): CodeIgniter\Boot::bootWeb(Object(Config\Paths))
CRITICAL - 2026-04-05 13:24:42 --> CodeIgniter\View\Exceptions\ViewException: Invalid file: "v_template_back_end.php"
[Method: GET, Route: admin]
in SYSTEMPATH\Exceptions\FrameworkException.php on line 39.
 1 SYSTEMPATH\View\View.php(228): CodeIgniter\Exceptions\FrameworkException::forInvalidFile('v_template_back_end.php')
 2 SYSTEMPATH\Common.php(1250): CodeIgniter\View\View->render('v_template_back_end', [], true)
 3 APPPATH\Controllers\Admin.php(13): view('v_template_back_end', [...])
 4 SYSTEMPATH\CodeIgniter.php(951): App\Controllers\Admin->index()
 5 SYSTEMPATH\CodeIgniter.php(497): CodeIgniter\CodeIgniter->runController(Object(App\Controllers\Admin))
 6 SYSTEMPATH\CodeIgniter.php(340): CodeIgniter\CodeIgniter->handleRequest(null, Object(Config\Cache), false)
 7 SYSTEMPATH\Boot.php(417): CodeIgniter\CodeIgniter->run()
 8 SYSTEMPATH\Boot.php(68): CodeIgniter\Boot::runCodeIgniter(Object(CodeIgniter\CodeIgniter))
 9 FCPATH\index.php(59): CodeIgniter\Boot::bootWeb(Object(Config\Paths))
CRITICAL - 2026-04-05 13:34:29 --> CodeIgniter\View\Exceptions\ViewException: Invalid file: "v_template_back_end.php"
[Method: GET, Route: admin]
in SYSTEMPATH\Exceptions\FrameworkException.php on line 39.
 1 SYSTEMPATH\View\View.php(228): CodeIgniter\Exceptions\FrameworkException::forInvalidFile('v_template_back_end.php')
 2 SYSTEMPATH\Common.php(1250): CodeIgniter\View\View->render('v_template_back_end', [], true)
 3 APPPATH\Controllers\Admin.php(13): view('v_template_back_end', [...])
 4 SYSTEMPATH\CodeIgniter.php(951): App\Controllers\Admin->index()
 5 SYSTEMPATH\CodeIgniter.php(497): CodeIgniter\CodeIgniter->runController(Object(App\Controllers\Admin))
 6 SYSTEMPATH\CodeIgniter.php(340): CodeIgniter\CodeIgniter->handleRequest(null, Object(Config\Cache), false)
 7 SYSTEMPATH\Boot.php(417): CodeIgniter\CodeIgniter->run()
 8 SYSTEMPATH\Boot.php(68): CodeIgniter\Boot::runCodeIgniter(Object(CodeIgniter\CodeIgniter))
 9 FCPATH\index.php(59): CodeIgniter\Boot::bootWeb(Object(Config\Paths))
CRITICAL - 2026-04-05 13:34:30 --> CodeIgniter\View\Exceptions\ViewException: Invalid file: "v_template_back_end.php"
[Method: GET, Route: admin]
in SYSTEMPATH\Exceptions\FrameworkException.php on line 39.
 1 SYSTEMPATH\View\View.php(228): CodeIgniter\Exceptions\FrameworkException::forInvalidFile('v_template_back_end.php')
 2 SYSTEMPATH\Common.php(1250): CodeIgniter\View\View->render('v_template_back_end', [], true)
 3 APPPATH\Controllers\Admin.php(13): view('v_template_back_end', [...])
 4 SYSTEMPATH\CodeIgniter.php(951): App\Controllers\Admin->index()
 5 SYSTEMPATH\CodeIgniter.php(497): CodeIgniter\CodeIgniter->runController(Object(App\Controllers\Admin))
 6 SYSTEMPATH\CodeIgniter.php(340): CodeIgniter\CodeIgniter->handleRequest(null, Object(Config\Cache), false)
 7 SYSTEMPATH\Boot.php(417): CodeIgniter\CodeIgniter->run()
 8 SYSTEMPATH\Boot.php(68): CodeIgniter\Boot::runCodeIgniter(Object(CodeIgniter\CodeIgniter))
 9 FCPATH\index.php(59): CodeIgniter\Boot::bootWeb(Object(Config\Paths))
CRITICAL - 2026-04-05 13:34:32 --> CodeIgniter\View\Exceptions\ViewException: Invalid file: "v_template_back_end.php"
[Method: GET, Route: admin]
in SYSTEMPATH\Exceptions\FrameworkException.php on line 39.
 1 SYSTEMPATH\View\View.php(228): CodeIgniter\Exceptions\FrameworkException::forInvalidFile('v_template_back_end.php')
 2 SYSTEMPATH\Common.php(1250): CodeIgniter\View\View->render('v_template_back_end', [], true)
 3 APPPATH\Controllers\Admin.php(13): view('v_template_back_end', [...])
 4 SYSTEMPATH\CodeIgniter.php(951): App\Controllers\Admin->index()
 5 SYSTEMPATH\CodeIgniter.php(497): CodeIgniter\CodeIgniter->runController(Object(App\Controllers\Admin))
 6 SYSTEMPATH\CodeIgniter.php(340): CodeIgniter\CodeIgniter->handleRequest(null, Object(Config\Cache), false)
 7 SYSTEMPATH\Boot.php(417): CodeIgniter\CodeIgniter->run()
 8 SYSTEMPATH\Boot.php(68): CodeIgniter\Boot::runCodeIgniter(Object(CodeIgniter\CodeIgniter))
 9 FCPATH\index.php(59): CodeIgniter\Boot::bootWeb(Object(Config\Paths))
CRITICAL - 2026-04-05 13:34:32 --> CodeIgniter\View\Exceptions\ViewException: Invalid file: "v_template_back_end.php"
[Method: GET, Route: admin]
in SYSTEMPATH\Exceptions\FrameworkException.php on line 39.
 1 SYSTEMPATH\View\View.php(228): CodeIgniter\Exceptions\FrameworkException::forInvalidFile('v_template_back_end.php')
 2 SYSTEMPATH\Common.php(1250): CodeIgniter\View\View->render('v_template_back_end', [], true)
 3 APPPATH\Controllers\Admin.php(13): view('v_template_back_end', [...])
 4 SYSTEMPATH\CodeIgniter.php(951): App\Controllers\Admin->index()
 5 SYSTEMPATH\CodeIgniter.php(497): CodeIgniter\CodeIgniter->runController(Object(App\Controllers\Admin))
 6 SYSTEMPATH\CodeIgniter.php(340): CodeIgniter\CodeIgniter->handleRequest(null, Object(Config\Cache), false)
 7 SYSTEMPATH\Boot.php(417): CodeIgniter\CodeIgniter->run()
 8 SYSTEMPATH\Boot.php(68): CodeIgniter\Boot::runCodeIgniter(Object(CodeIgniter\CodeIgniter))
 9 FCPATH\index.php(59): CodeIgniter\Boot::bootWeb(Object(Config\Paths))
CRITICAL - 2026-04-05 13:34:32 --> CodeIgniter\View\Exceptions\ViewException: Invalid file: "v_template_back_end.php"
[Method: GET, Route: admin]
in SYSTEMPATH\Exceptions\FrameworkException.php on line 39.
 1 SYSTEMPATH\View\View.php(228): CodeIgniter\Exceptions\FrameworkException::forInvalidFile('v_template_back_end.php')
 2 SYSTEMPATH\Common.php(1250): CodeIgniter\View\View->render('v_template_back_end', [], true)
 3 APPPATH\Controllers\Admin.php(13): view('v_template_back_end', [...])
 4 SYSTEMPATH\CodeIgniter.php(951): App\Controllers\Admin->index()
 5 SYSTEMPATH\CodeIgniter.php(497): CodeIgniter\CodeIgniter->runController(Object(App\Controllers\Admin))
 6 SYSTEMPATH\CodeIgniter.php(340): CodeIgniter\CodeIgniter->handleRequest(null, Object(Config\Cache), false)
 7 SYSTEMPATH\Boot.php(417): CodeIgniter\CodeIgniter->run()
 8 SYSTEMPATH\Boot.php(68): CodeIgniter\Boot::runCodeIgniter(Object(CodeIgniter\CodeIgniter))
 9 FCPATH\index.php(59): CodeIgniter\Boot::bootWeb(Object(Config\Paths))
CRITICAL - 2026-04-05 13:34:32 --> CodeIgniter\View\Exceptions\ViewException: Invalid file: "v_template_back_end.php"
[Method: GET, Route: admin]
in SYSTEMPATH\Exceptions\FrameworkException.php on line 39.
 1 SYSTEMPATH\View\View.php(228): CodeIgniter\Exceptions\FrameworkException::forInvalidFile('v_template_back_end.php')
 2 SYSTEMPATH\Common.php(1250): CodeIgniter\View\View->render('v_template_back_end', [], true)
 3 APPPATH\Controllers\Admin.php(13): view('v_template_back_end', [...])
 4 SYSTEMPATH\CodeIgniter.php(951): App\Controllers\Admin->index()
 5 SYSTEMPATH\CodeIgniter.php(497): CodeIgniter\CodeIgniter->runController(Object(App\Controllers\Admin))
 6 SYSTEMPATH\CodeIgniter.php(340): CodeIgniter\CodeIgniter->handleRequest(null, Object(Config\Cache), false)
 7 SYSTEMPATH\Boot.php(417): CodeIgniter\CodeIgniter->run()
 8 SYSTEMPATH\Boot.php(68): CodeIgniter\Boot::runCodeIgniter(Object(CodeIgniter\CodeIgniter))
 9 FCPATH\index.php(59): CodeIgniter\Boot::bootWeb(Object(Config\Paths))
CRITICAL - 2026-04-05 13:34:33 --> CodeIgniter\View\Exceptions\ViewException: Invalid file: "v_template_back_end.php"
[Method: GET, Route: admin]
in SYSTEMPATH\Exceptions\FrameworkException.php on line 39.
 1 SYSTEMPATH\View\View.php(228): CodeIgniter\Exceptions\FrameworkException::forInvalidFile('v_template_back_end.php')
 2 SYSTEMPATH\Common.php(1250): CodeIgniter\View\View->render('v_template_back_end', [], true)
 3 APPPATH\Controllers\Admin.php(13): view('v_template_back_end', [...])
 4 SYSTEMPATH\CodeIgniter.php(951): App\Controllers\Admin->index()
 5 SYSTEMPATH\CodeIgniter.php(497): CodeIgniter\CodeIgniter->runController(Object(App\Controllers\Admin))
 6 SYSTEMPATH\CodeIgniter.php(340): CodeIgniter\CodeIgniter->handleRequest(null, Object(Config\Cache), false)
 7 SYSTEMPATH\Boot.php(417): CodeIgniter\CodeIgniter->run()
 8 SYSTEMPATH\Boot.php(68): CodeIgniter\Boot::runCodeIgniter(Object(CodeIgniter\CodeIgniter))
 9 FCPATH\index.php(59): CodeIgniter\Boot::bootWeb(Object(Config\Paths))
CRITICAL - 2026-04-05 13:34:33 --> CodeIgniter\View\Exceptions\ViewException: Invalid file: "v_template_back_end.php"
[Method: GET, Route: admin]
in SYSTEMPATH\Exceptions\FrameworkException.php on line 39.
 1 SYSTEMPATH\View\View.php(228): CodeIgniter\Exceptions\FrameworkException::forInvalidFile('v_template_back_end.php')
 2 SYSTEMPATH\Common.php(1250): CodeIgniter\View\View->render('v_template_back_end', [], true)
 3 APPPATH\Controllers\Admin.php(13): view('v_template_back_end', [...])
 4 SYSTEMPATH\CodeIgniter.php(951): App\Controllers\Admin->index()
 5 SYSTEMPATH\CodeIgniter.php(497): CodeIgniter\CodeIgniter->runController(Object(App\Controllers\Admin))
 6 SYSTEMPATH\CodeIgniter.php(340): CodeIgniter\CodeIgniter->handleRequest(null, Object(Config\Cache), false)
 7 SYSTEMPATH\Boot.php(417): CodeIgniter\CodeIgniter->run()
 8 SYSTEMPATH\Boot.php(68): CodeIgniter\Boot::runCodeIgniter(Object(CodeIgniter\CodeIgniter))
 9 FCPATH\index.php(59): CodeIgniter\Boot::bootWeb(Object(Config\Paths))
CRITICAL - 2026-04-05 13:34:33 --> CodeIgniter\View\Exceptions\ViewException: Invalid file: "v_template_back_end.php"
[Method: GET, Route: admin]
in SYSTEMPATH\Exceptions\FrameworkException.php on line 39.
 1 SYSTEMPATH\View\View.php(228): CodeIgniter\Exceptions\FrameworkException::forInvalidFile('v_template_back_end.php')
 2 SYSTEMPATH\Common.php(1250): CodeIgniter\View\View->render('v_template_back_end', [], true)
 3 APPPATH\Controllers\Admin.php(13): view('v_template_back_end', [...])
 4 SYSTEMPATH\CodeIgniter.php(951): App\Controllers\Admin->index()
 5 SYSTEMPATH\CodeIgniter.php(497): CodeIgniter\CodeIgniter->runController(Object(App\Controllers\Admin))
 6 SYSTEMPATH\CodeIgniter.php(340): CodeIgniter\CodeIgniter->handleRequest(null, Object(Config\Cache), false)
 7 SYSTEMPATH\Boot.php(417): CodeIgniter\CodeIgniter->run()
 8 SYSTEMPATH\Boot.php(68): CodeIgniter\Boot::runCodeIgniter(Object(CodeIgniter\CodeIgniter))
 9 FCPATH\index.php(59): CodeIgniter\Boot::bootWeb(Object(Config\Paths))
CRITICAL - 2026-04-05 13:34:33 --> CodeIgniter\View\Exceptions\ViewException: Invalid file: "v_template_back_end.php"
[Method: GET, Route: admin]
in SYSTEMPATH\Exceptions\FrameworkException.php on line 39.
 1 SYSTEMPATH\View\View.php(228): CodeIgniter\Exceptions\FrameworkException::forInvalidFile('v_template_back_end.php')
 2 SYSTEMPATH\Common.php(1250): CodeIgniter\View\View->render('v_template_back_end', [], true)
 3 APPPATH\Controllers\Admin.php(13): view('v_template_back_end', [...])
 4 SYSTEMPATH\CodeIgniter.php(951): App\Controllers\Admin->index()
 5 SYSTEMPATH\CodeIgniter.php(497): CodeIgniter\CodeIgniter->runController(Object(App\Controllers\Admin))
 6 SYSTEMPATH\CodeIgniter.php(340): CodeIgniter\CodeIgniter->handleRequest(null, Object(Config\Cache), false)
 7 SYSTEMPATH\Boot.php(417): CodeIgniter\CodeIgniter->run()
 8 SYSTEMPATH\Boot.php(68): CodeIgniter\Boot::runCodeIgniter(Object(CodeIgniter\CodeIgniter))
 9 FCPATH\index.php(59): CodeIgniter\Boot::bootWeb(Object(Config\Paths))
CRITICAL - 2026-04-05 13:34:33 --> CodeIgniter\View\Exceptions\ViewException: Invalid file: "v_template_back_end.php"
[Method: GET, Route: admin]
in SYSTEMPATH\Exceptions\FrameworkException.php on line 39.
 1 SYSTEMPATH\View\View.php(228): CodeIgniter\Exceptions\FrameworkException::forInvalidFile('v_template_back_end.php')
 2 SYSTEMPATH\Common.php(1250): CodeIgniter\View\View->render('v_template_back_end', [], true)
 3 APPPATH\Controllers\Admin.php(13): view('v_template_back_end', [...])
 4 SYSTEMPATH\CodeIgniter.php(951): App\Controllers\Admin->index()
 5 SYSTEMPATH\CodeIgniter.php(497): CodeIgniter\CodeIgniter->runController(Object(App\Controllers\Admin))
 6 SYSTEMPATH\CodeIgniter.php(340): CodeIgniter\CodeIgniter->handleRequest(null, Object(Config\Cache), false)
 7 SYSTEMPATH\Boot.php(417): CodeIgniter\CodeIgniter->run()
 8 SYSTEMPATH\Boot.php(68): CodeIgniter\Boot::runCodeIgniter(Object(CodeIgniter\CodeIgniter))
 9 FCPATH\index.php(59): CodeIgniter\Boot::bootWeb(Object(Config\Paths))
CRITICAL - 2026-04-05 13:34:34 --> CodeIgniter\View\Exceptions\ViewException: Invalid file: "v_template_back_end.php"
[Method: GET, Route: admin]
in SYSTEMPATH\Exceptions\FrameworkException.php on line 39.
 1 SYSTEMPATH\View\View.php(228): CodeIgniter\Exceptions\FrameworkException::forInvalidFile('v_template_back_end.php')
 2 SYSTEMPATH\Common.php(1250): CodeIgniter\View\View->render('v_template_back_end', [], true)
 3 APPPATH\Controllers\Admin.php(13): view('v_template_back_end', [...])
 4 SYSTEMPATH\CodeIgniter.php(951): App\Controllers\Admin->index()
 5 SYSTEMPATH\CodeIgniter.php(497): CodeIgniter\CodeIgniter->runController(Object(App\Controllers\Admin))
 6 SYSTEMPATH\CodeIgniter.php(340): CodeIgniter\CodeIgniter->handleRequest(null, Object(Config\Cache), false)
 7 SYSTEMPATH\Boot.php(417): CodeIgniter\CodeIgniter->run()
 8 SYSTEMPATH\Boot.php(68): CodeIgniter\Boot::runCodeIgniter(Object(CodeIgniter\CodeIgniter))
 9 FCPATH\index.php(59): CodeIgniter\Boot::bootWeb(Object(Config\Paths))
CRITICAL - 2026-04-05 13:34:34 --> CodeIgniter\View\Exceptions\ViewException: Invalid file: "v_template_back_end.php"
[Method: GET, Route: admin]
in SYSTEMPATH\Exceptions\FrameworkException.php on line 39.
 1 SYSTEMPATH\View\View.php(228): CodeIgniter\Exceptions\FrameworkException::forInvalidFile('v_template_back_end.php')
 2 SYSTEMPATH\Common.php(1250): CodeIgniter\View\View->render('v_template_back_end', [], true)
 3 APPPATH\Controllers\Admin.php(13): view('v_template_back_end', [...])
 4 SYSTEMPATH\CodeIgniter.php(951): App\Controllers\Admin->index()
 5 SYSTEMPATH\CodeIgniter.php(497): CodeIgniter\CodeIgniter->runController(Object(App\Controllers\Admin))
 6 SYSTEMPATH\CodeIgniter.php(340): CodeIgniter\CodeIgniter->handleRequest(null, Object(Config\Cache), false)
 7 SYSTEMPATH\Boot.php(417): CodeIgniter\CodeIgniter->run()
 8 SYSTEMPATH\Boot.php(68): CodeIgniter\Boot::runCodeIgniter(Object(CodeIgniter\CodeIgniter))
 9 FCPATH\index.php(59): CodeIgniter\Boot::bootWeb(Object(Config\Paths))
CRITICAL - 2026-04-05 13:34:43 --> CodeIgniter\View\Exceptions\ViewException: Invalid file: "v_template_back_end.php"
[Method: GET, Route: admin]
in SYSTEMPATH\Exceptions\FrameworkException.php on line 39.
 1 SYSTEMPATH\View\View.php(228): CodeIgniter\Exceptions\FrameworkException::forInvalidFile('v_template_back_end.php')
 2 SYSTEMPATH\Common.php(1250): CodeIgniter\View\View->render('v_template_back_end', [], true)
 3 APPPATH\Controllers\Admin.php(13): view('v_template_back_end', [...])
 4 SYSTEMPATH\CodeIgniter.php(951): App\Controllers\Admin->index()
 5 SYSTEMPATH\CodeIgniter.php(497): CodeIgniter\CodeIgniter->runController(Object(App\Controllers\Admin))
 6 SYSTEMPATH\CodeIgniter.php(340): CodeIgniter\CodeIgniter->handleRequest(null, Object(Config\Cache), false)
 7 SYSTEMPATH\Boot.php(417): CodeIgniter\CodeIgniter->run()
 8 SYSTEMPATH\Boot.php(68): CodeIgniter\Boot::runCodeIgniter(Object(CodeIgniter\CodeIgniter))
 9 FCPATH\index.php(59): CodeIgniter\Boot::bootWeb(Object(Config\Paths))
CRITICAL - 2026-04-05 13:38:54 --> CodeIgniter\View\Exceptions\ViewException: Invalid file: "v_template_back_end.php"
[Method: GET, Route: admin]
in SYSTEMPATH\Exceptions\FrameworkException.php on line 39.
 1 SYSTEMPATH\View\View.php(228): CodeIgniter\Exceptions\FrameworkException::forInvalidFile('v_template_back_end.php')
 2 SYSTEMPATH\Common.php(1250): CodeIgniter\View\View->render('v_template_back_end', [], true)
 3 APPPATH\Controllers\Admin.php(13): view('v_template_back_end', [...])
 4 SYSTEMPATH\CodeIgniter.php(951): App\Controllers\Admin->index()
 5 SYSTEMPATH\CodeIgniter.php(497): CodeIgniter\CodeIgniter->runController(Object(App\Controllers\Admin))
 6 SYSTEMPATH\CodeIgniter.php(340): CodeIgniter\CodeIgniter->handleRequest(null, Object(Config\Cache), false)
 7 SYSTEMPATH\Boot.php(417): CodeIgniter\CodeIgniter->run()
 8 SYSTEMPATH\Boot.php(68): CodeIgniter\Boot::runCodeIgniter(Object(CodeIgniter\CodeIgniter))
 9 FCPATH\index.php(59): CodeIgniter\Boot::bootWeb(Object(Config\Paths))
CRITICAL - 2026-04-05 13:39:20 --> CodeIgniter\View\Exceptions\ViewException: Invalid file: "v_template_back_end.php"
[Method: GET, Route: admin]
in SYSTEMPATH\Exceptions\FrameworkException.php on line 39.
 1 SYSTEMPATH\View\View.php(228): CodeIgniter\Exceptions\FrameworkException::forInvalidFile('v_template_back_end.php')
 2 SYSTEMPATH\Common.php(1250): CodeIgniter\View\View->render('v_template_back_end', [], true)
 3 APPPATH\Controllers\Admin.php(13): view('v_template_back_end', [...])
 4 SYSTEMPATH\CodeIgniter.php(951): App\Controllers\Admin->index()
 5 SYSTEMPATH\CodeIgniter.php(497): CodeIgniter\CodeIgniter->runController(Object(App\Controllers\Admin))
 6 SYSTEMPATH\CodeIgniter.php(340): CodeIgniter\CodeIgniter->handleRequest(null, Object(Config\Cache), false)
 7 SYSTEMPATH\Boot.php(417): CodeIgniter\CodeIgniter->run()
 8 SYSTEMPATH\Boot.php(68): CodeIgniter\Boot::runCodeIgniter(Object(CodeIgniter\CodeIgniter))
 9 FCPATH\index.php(59): CodeIgniter\Boot::bootWeb(Object(Config\Paths))
CRITICAL - 2026-04-05 13:39:21 --> CodeIgniter\View\Exceptions\ViewException: Invalid file: "v_template_back_end.php"
[Method: GET, Route: admin]
in SYSTEMPATH\Exceptions\FrameworkException.php on line 39.
 1 SYSTEMPATH\View\View.php(228): CodeIgniter\Exceptions\FrameworkException::forInvalidFile('v_template_back_end.php')
 2 SYSTEMPATH\Common.php(1250): CodeIgniter\View\View->render('v_template_back_end', [], true)
 3 APPPATH\Controllers\Admin.php(13): view('v_template_back_end', [...])
 4 SYSTEMPATH\CodeIgniter.php(951): App\Controllers\Admin->index()
 5 SYSTEMPATH\CodeIgniter.php(497): CodeIgniter\CodeIgniter->runController(Object(App\Controllers\Admin))
 6 SYSTEMPATH\CodeIgniter.php(340): CodeIgniter\CodeIgniter->handleRequest(null, Object(Config\Cache), false)
 7 SYSTEMPATH\Boot.php(417): CodeIgniter\CodeIgniter->run()
 8 SYSTEMPATH\Boot.php(68): CodeIgniter\Boot::runCodeIgniter(Object(CodeIgniter\CodeIgniter))
 9 FCPATH\index.php(59): CodeIgniter\Boot::bootWeb(Object(Config\Paths))
CRITICAL - 2026-04-05 13:39:22 --> CodeIgniter\View\Exceptions\ViewException: Invalid file: "v_template_back_end.php"
[Method: GET, Route: admin]
in SYSTEMPATH\Exceptions\FrameworkException.php on line 39.
 1 SYSTEMPATH\View\View.php(228): CodeIgniter\Exceptions\FrameworkException::forInvalidFile('v_template_back_end.php')
 2 SYSTEMPATH\Common.php(1250): CodeIgniter\View\View->render('v_template_back_end', [], true)
 3 APPPATH\Controllers\Admin.php(13): view('v_template_back_end', [...])
 4 SYSTEMPATH\CodeIgniter.php(951): App\Controllers\Admin->index()
 5 SYSTEMPATH\CodeIgniter.php(497): CodeIgniter\CodeIgniter->runController(Object(App\Controllers\Admin))
 6 SYSTEMPATH\CodeIgniter.php(340): CodeIgniter\CodeIgniter->handleRequest(null, Object(Config\Cache), false)
 7 SYSTEMPATH\Boot.php(417): CodeIgniter\CodeIgniter->run()
 8 SYSTEMPATH\Boot.php(68): CodeIgniter\Boot::runCodeIgniter(Object(CodeIgniter\CodeIgniter))
 9 FCPATH\index.php(59): CodeIgniter\Boot::bootWeb(Object(Config\Paths))
CRITICAL - 2026-04-05 13:39:22 --> CodeIgniter\View\Exceptions\ViewException: Invalid file: "v_template_back_end.php"
[Method: GET, Route: admin]
in SYSTEMPATH\Exceptions\FrameworkException.php on line 39.
 1 SYSTEMPATH\View\View.php(228): CodeIgniter\Exceptions\FrameworkException::forInvalidFile('v_template_back_end.php')
 2 SYSTEMPATH\Common.php(1250): CodeIgniter\View\View->render('v_template_back_end', [], true)
 3 APPPATH\Controllers\Admin.php(13): view('v_template_back_end', [...])
 4 SYSTEMPATH\CodeIgniter.php(951): App\Controllers\Admin->index()
 5 SYSTEMPATH\CodeIgniter.php(497): CodeIgniter\CodeIgniter->runController(Object(App\Controllers\Admin))
 6 SYSTEMPATH\CodeIgniter.php(340): CodeIgniter\CodeIgniter->handleRequest(null, Object(Config\Cache), false)
 7 SYSTEMPATH\Boot.php(417): CodeIgniter\CodeIgniter->run()
 8 SYSTEMPATH\Boot.php(68): CodeIgniter\Boot::runCodeIgniter(Object(CodeIgniter\CodeIgniter))
 9 FCPATH\index.php(59): CodeIgniter\Boot::bootWeb(Object(Config\Paths))
CRITICAL - 2026-04-05 13:39:22 --> CodeIgniter\View\Exceptions\ViewException: Invalid file: "v_template_back_end.php"
[Method: GET, Route: admin]
in SYSTEMPATH\Exceptions\FrameworkException.php on line 39.
 1 SYSTEMPATH\View\View.php(228): CodeIgniter\Exceptions\FrameworkException::forInvalidFile('v_template_back_end.php')
 2 SYSTEMPATH\Common.php(1250): CodeIgniter\View\View->render('v_template_back_end', [], true)
 3 APPPATH\Controllers\Admin.php(13): view('v_template_back_end', [...])
 4 SYSTEMPATH\CodeIgniter.php(951): App\Controllers\Admin->index()
 5 SYSTEMPATH\CodeIgniter.php(497): CodeIgniter\CodeIgniter->runController(Object(App\Controllers\Admin))
 6 SYSTEMPATH\CodeIgniter.php(340): CodeIgniter\CodeIgniter->handleRequest(null, Object(Config\Cache), false)
 7 SYSTEMPATH\Boot.php(417): CodeIgniter\CodeIgniter->run()
 8 SYSTEMPATH\Boot.php(68): CodeIgniter\Boot::runCodeIgniter(Object(CodeIgniter\CodeIgniter))
 9 FCPATH\index.php(59): CodeIgniter\Boot::bootWeb(Object(Config\Paths))
CRITICAL - 2026-04-05 13:39:23 --> CodeIgniter\View\Exceptions\ViewException: Invalid file: "v_template_back_end.php"
[Method: GET, Route: admin]
in SYSTEMPATH\Exceptions\FrameworkException.php on line 39.
 1 SYSTEMPATH\View\View.php(228): CodeIgniter\Exceptions\FrameworkException::forInvalidFile('v_template_back_end.php')
 2 SYSTEMPATH\Common.php(1250): CodeIgniter\View\View->render('v_template_back_end', [], true)
 3 APPPATH\Controllers\Admin.php(13): view('v_template_back_end', [...])
 4 SYSTEMPATH\CodeIgniter.php(951): App\Controllers\Admin->index()
 5 SYSTEMPATH\CodeIgniter.php(497): CodeIgniter\CodeIgniter->runController(Object(App\Controllers\Admin))
 6 SYSTEMPATH\CodeIgniter.php(340): CodeIgniter\CodeIgniter->handleRequest(null, Object(Config\Cache), false)
 7 SYSTEMPATH\Boot.php(417): CodeIgniter\CodeIgniter->run()
 8 SYSTEMPATH\Boot.php(68): CodeIgniter\Boot::runCodeIgniter(Object(CodeIgniter\CodeIgniter))
 9 FCPATH\index.php(59): CodeIgniter\Boot::bootWeb(Object(Config\Paths))
CRITICAL - 2026-04-05 13:40:16 --> CodeIgniter\View\Exceptions\ViewException: Invalid file: "v_template_back_end.php"
[Method: GET, Route: admin]
in SYSTEMPATH\Exceptions\FrameworkException.php on line 39.
 1 SYSTEMPATH\View\View.php(228): CodeIgniter\Exceptions\FrameworkException::forInvalidFile('v_template_back_end.php')
 2 SYSTEMPATH\Common.php(1250): CodeIgniter\View\View->render('v_template_back_end', [], true)
 3 APPPATH\Controllers\Admin.php(13): view('v_template_back_end', [...])
 4 SYSTEMPATH\CodeIgniter.php(951): App\Controllers\Admin->index()
 5 SYSTEMPATH\CodeIgniter.php(497): CodeIgniter\CodeIgniter->runController(Object(App\Controllers\Admin))
 6 SYSTEMPATH\CodeIgniter.php(340): CodeIgniter\CodeIgniter->handleRequest(null, Object(Config\Cache), false)
 7 SYSTEMPATH\Boot.php(417): CodeIgniter\CodeIgniter->run()
 8 SYSTEMPATH\Boot.php(68): CodeIgniter\Boot::runCodeIgniter(Object(CodeIgniter\CodeIgniter))
 9 FCPATH\index.php(59): CodeIgniter\Boot::bootWeb(Object(Config\Paths))
CRITICAL - 2026-04-05 13:40:17 --> CodeIgniter\View\Exceptions\ViewException: Invalid file: "v_template_back_end.php"
[Method: GET, Route: admin]
in SYSTEMPATH\Exceptions\FrameworkException.php on line 39.
 1 SYSTEMPATH\View\View.php(228): CodeIgniter\Exceptions\FrameworkException::forInvalidFile('v_template_back_end.php')
 2 SYSTEMPATH\Common.php(1250): CodeIgniter\View\View->render('v_template_back_end', [], true)
 3 APPPATH\Controllers\Admin.php(13): view('v_template_back_end', [...])
 4 SYSTEMPATH\CodeIgniter.php(951): App\Controllers\Admin->index()
 5 SYSTEMPATH\CodeIgniter.php(497): CodeIgniter\CodeIgniter->runController(Object(App\Controllers\Admin))
 6 SYSTEMPATH\CodeIgniter.php(340): CodeIgniter\CodeIgniter->handleRequest(null, Object(Config\Cache), false)
 7 SYSTEMPATH\Boot.php(417): CodeIgniter\CodeIgniter->run()
 8 SYSTEMPATH\Boot.php(68): CodeIgniter\Boot::runCodeIgniter(Object(CodeIgniter\CodeIgniter))
 9 FCPATH\index.php(59): CodeIgniter\Boot::bootWeb(Object(Config\Paths))
CRITICAL - 2026-04-05 13:40:17 --> CodeIgniter\View\Exceptions\ViewException: Invalid file: "v_template_back_end.php"
[Method: GET, Route: admin]
in SYSTEMPATH\Exceptions\FrameworkException.php on line 39.
 1 SYSTEMPATH\View\View.php(228): CodeIgniter\Exceptions\FrameworkException::forInvalidFile('v_template_back_end.php')
 2 SYSTEMPATH\Common.php(1250): CodeIgniter\View\View->render('v_template_back_end', [], true)
 3 APPPATH\Controllers\Admin.php(13): view('v_template_back_end', [...])
 4 SYSTEMPATH\CodeIgniter.php(951): App\Controllers\Admin->index()
 5 SYSTEMPATH\CodeIgniter.php(497): CodeIgniter\CodeIgniter->runController(Object(App\Controllers\Admin))
 6 SYSTEMPATH\CodeIgniter.php(340): CodeIgniter\CodeIgniter->handleRequest(null, Object(Config\Cache), false)
 7 SYSTEMPATH\Boot.php(417): CodeIgniter\CodeIgniter->run()
 8 SYSTEMPATH\Boot.php(68): CodeIgniter\Boot::runCodeIgniter(Object(CodeIgniter\CodeIgniter))
 9 FCPATH\index.php(59): CodeIgniter\Boot::bootWeb(Object(Config\Paths))
CRITICAL - 2026-04-05 13:40:17 --> CodeIgniter\View\Exceptions\ViewException: Invalid file: "v_template_back_end.php"
[Method: GET, Route: admin]
in SYSTEMPATH\Exceptions\FrameworkException.php on line 39.
 1 SYSTEMPATH\View\View.php(228): CodeIgniter\Exceptions\FrameworkException::forInvalidFile('v_template_back_end.php')
 2 SYSTEMPATH\Common.php(1250): CodeIgniter\View\View->render('v_template_back_end', [], true)
 3 APPPATH\Controllers\Admin.php(13): view('v_template_back_end', [...])
 4 SYSTEMPATH\CodeIgniter.php(951): App\Controllers\Admin->index()
 5 SYSTEMPATH\CodeIgniter.php(497): CodeIgniter\CodeIgniter->runController(Object(App\Controllers\Admin))
 6 SYSTEMPATH\CodeIgniter.php(340): CodeIgniter\CodeIgniter->handleRequest(null, Object(Config\Cache), false)
 7 SYSTEMPATH\Boot.php(417): CodeIgniter\CodeIgniter->run()
 8 SYSTEMPATH\Boot.php(68): CodeIgniter\Boot::runCodeIgniter(Object(CodeIgniter\CodeIgniter))
 9 FCPATH\index.php(59): CodeIgniter\Boot::bootWeb(Object(Config\Paths))
CRITICAL - 2026-04-05 13:40:17 --> CodeIgniter\View\Exceptions\ViewException: Invalid file: "v_template_back_end.php"
[Method: GET, Route: admin]
in SYSTEMPATH\Exceptions\FrameworkException.php on line 39.
 1 SYSTEMPATH\View\View.php(228): CodeIgniter\Exceptions\FrameworkException::forInvalidFile('v_template_back_end.php')
 2 SYSTEMPATH\Common.php(1250): CodeIgniter\View\View->render('v_template_back_end', [], true)
 3 APPPATH\Controllers\Admin.php(13): view('v_template_back_end', [...])
 4 SYSTEMPATH\CodeIgniter.php(951): App\Controllers\Admin->index()
 5 SYSTEMPATH\CodeIgniter.php(497): CodeIgniter\CodeIgniter->runController(Object(App\Controllers\Admin))
 6 SYSTEMPATH\CodeIgniter.php(340): CodeIgniter\CodeIgniter->handleRequest(null, Object(Config\Cache), false)
 7 SYSTEMPATH\Boot.php(417): CodeIgniter\CodeIgniter->run()
 8 SYSTEMPATH\Boot.php(68): CodeIgniter\Boot::runCodeIgniter(Object(CodeIgniter\CodeIgniter))
 9 FCPATH\index.php(59): CodeIgniter\Boot::bootWeb(Object(Config\Paths))
CRITICAL - 2026-04-05 13:40:18 --> CodeIgniter\View\Exceptions\ViewException: Invalid file: "v_template_back_end.php"
[Method: GET, Route: admin]
in SYSTEMPATH\Exceptions\FrameworkException.php on line 39.
 1 SYSTEMPATH\View\View.php(228): CodeIgniter\Exceptions\FrameworkException::forInvalidFile('v_template_back_end.php')
 2 SYSTEMPATH\Common.php(1250): CodeIgniter\View\View->render('v_template_back_end', [], true)
 3 APPPATH\Controllers\Admin.php(13): view('v_template_back_end', [...])
 4 SYSTEMPATH\CodeIgniter.php(951): App\Controllers\Admin->index()
 5 SYSTEMPATH\CodeIgniter.php(497): CodeIgniter\CodeIgniter->runController(Object(App\Controllers\Admin))
 6 SYSTEMPATH\CodeIgniter.php(340): CodeIgniter\CodeIgniter->handleRequest(null, Object(Config\Cache), false)
 7 SYSTEMPATH\Boot.php(417): CodeIgniter\CodeIgniter->run()
 8 SYSTEMPATH\Boot.php(68): CodeIgniter\Boot::runCodeIgniter(Object(CodeIgniter\CodeIgniter))
 9 FCPATH\index.php(59): CodeIgniter\Boot::bootWeb(Object(Config\Paths))
